2026-02-20 19:53:06,481 - __main__ - INFO - Starting live detection from camera...
2026-02-20 19:53:09,319 - __main__ - INFO - Application interrupted by user
2026-02-20 19:53:09,324 - torch._subclasses.fake_tensor - INFO - FakeTensor cache stats:
2026-02-20 19:53:09,324 - torch._subclasses.fake_tensor - INFO -   cache_hits: 0
2026-02-20 19:53:09,325 - torch._subclasses.fake_tensor - INFO -   cache_misses: 0
2026-02-20 19:54:19,205 - main - INFO - Processing image: C:\Users\ELCOT\OneDrive\Documents\New folder\bmw 2.jpg
2026-02-20 19:54:25,209 - src.object_detector - INFO - Loading YOLOv8 model: yolov8n.pt
2026-02-20 19:54:25,369 - src.object_detector - INFO - YOLOv8 model loaded successfully
2026-02-20 19:54:25,386 - main - INFO - Image shape: (168, 300, 3)
2026-02-20 19:54:25,830 - main - INFO - Saved: C:\Users\ELCOT\OneDrive\Documents\New folder\bmw 2_detected.jpg
2026-02-20 19:54:25,830 - main - INFO - Detections: 1 objects found
2026-02-20 19:54:25,832 - main - INFO -   - car: 0.89
2026-02-20 19:55:34,187 - __main__ - INFO - Application interrupted by user
2026-02-20 19:55:40,098 - __main__ - INFO - Starting live detection from camera...
2026-02-20 19:55:45,188 - src.object_detector - INFO - Loading YOLOv8 model: yolov8n.pt
2026-02-20 19:55:45,249 - src.object_detector - INFO - YOLOv8 model loaded successfully
2026-02-20 19:55:45,860 - __main__ - INFO - Camera opened. Detection running... (Press 'q' to quit)
2026-02-20 19:56:00,623 - __main__ - INFO - Frame 94: 1 objects detected
2026-02-20 19:56:00,624 - __main__ - INFO -   - cat: 0.64
2026-02-20 19:56:03,153 - __main__ - INFO - Frame 113: 1 objects detected
2026-02-20 19:56:03,154 - __main__ - INFO -   - cat: 0.58
2026-02-20 19:56:03,991 - __main__ - INFO - Frame 119: 1 objects detected
2026-02-20 19:56:03,992 - __main__ - INFO -   - person: 0.56
2026-02-20 19:56:04,128 - __main__ - INFO - Frame 120: 1 objects detected
2026-02-20 19:56:04,128 - __main__ - INFO -   - person: 0.58
2026-02-20 19:56:04,401 - __main__ - INFO - Frame 122: 1 objects detected
2026-02-20 19:56:04,401 - __main__ - INFO -   - person: 0.53
2026-02-20 19:56:06,580 - __main__ - INFO - Frame 138: 1 objects detected
2026-02-20 19:56:06,580 - __main__ - INFO -   - person: 0.53
2026-02-20 19:56:06,987 - __main__ - INFO - Frame 141: 1 objects detected
2026-02-20 19:56:06,987 - __main__ - INFO -   - person: 0.65
2026-02-20 19:56:07,388 - __main__ - INFO - Frame 144: 1 objects detected
2026-02-20 19:56:07,388 - __main__ - INFO -   - person: 0.52
2026-02-20 19:56:07,516 - __main__ - INFO - Frame 145: 1 objects detected
2026-02-20 19:56:07,517 - __main__ - INFO -   - person: 0.63
2026-02-20 19:56:07,648 - __main__ - INFO - Frame 146: 1 objects detected
2026-02-20 19:56:07,649 - __main__ - INFO -   - person: 0.63
2026-02-20 19:56:07,780 - __main__ - INFO - Frame 147: 1 objects detected
2026-02-20 19:56:07,780 - __main__ - INFO -   - person: 0.56
2026-02-20 19:56:08,332 - __main__ - INFO - Frame 151: 1 objects detected
2026-02-20 19:56:08,334 - __main__ - INFO -   - person: 0.65
2026-02-20 19:56:08,484 - __main__ - INFO - Frame 152: 1 objects detected
2026-02-20 19:56:08,484 - __main__ - INFO -   - person: 0.62
2026-02-20 19:56:08,613 - __main__ - INFO - Frame 153: 1 objects detected
2026-02-20 19:56:08,614 - __main__ - INFO -   - person: 0.60
2026-02-20 19:56:09,038 - __main__ - INFO - Frame 156: 1 objects detected
2026-02-20 19:56:09,038 - __main__ - INFO -   - person: 0.73
2026-02-20 19:56:09,170 - __main__ - INFO - Frame 157: 1 objects detected
2026-02-20 19:56:09,170 - __main__ - INFO -   - person: 0.58
2026-02-20 19:56:09,298 - __main__ - INFO - Frame 158: 1 objects detected
2026-02-20 19:56:09,298 - __main__ - INFO -   - person: 0.51
2026-02-20 19:56:11,443 - __main__ - INFO - Frame 174: 1 objects detected
2026-02-20 19:56:11,443 - __main__ - INFO -   - traffic light: 0.60
2026-02-20 19:56:12,006 - __main__ - INFO - Frame 178: 1 objects detected
2026-02-20 19:56:12,007 - __main__ - INFO -   - traffic light: 0.60
2026-02-20 19:56:13,110 - __main__ - INFO - Frame 186: 1 objects detected
2026-02-20 19:56:13,111 - __main__ - INFO -   - bird: 0.50
2026-02-20 19:56:17,240 - __main__ - INFO - Frame 216: 1 objects detected
2026-02-20 19:56:17,241 - __main__ - INFO -   - traffic light: 0.58
2026-02-20 19:56:18,642 - __main__ - INFO - Frame 226: 1 objects detected
2026-02-20 19:56:18,643 - __main__ - INFO -   - traffic light: 0.59
2026-02-20 19:56:20,876 - __main__ - INFO - Frame 241: 1 objects detected
2026-02-20 19:56:20,877 - __main__ - INFO -   - traffic light: 0.50
2026-02-20 19:56:21,293 - __main__ - INFO - Frame 244: 1 objects detected
2026-02-20 19:56:21,297 - __main__ - INFO -   - traffic light: 0.51
2026-02-20 19:56:21,824 - __main__ - INFO - Frame 248: 1 objects detected
2026-02-20 19:56:21,825 - __main__ - INFO -   - cell phone: 0.65
2026-02-20 19:56:21,941 - __main__ - INFO - Frame 249: 1 objects detected
2026-02-20 19:56:21,943 - __main__ - INFO -   - cell phone: 0.61
2026-02-20 19:56:22,068 - __main__ - INFO - Frame 250: 1 objects detected
2026-02-20 19:56:22,068 - __main__ - INFO -   - cell phone: 0.53
2026-02-20 19:56:22,719 - __main__ - INFO - Frame 255: 1 objects detected
2026-02-20 19:56:22,720 - __main__ - INFO -   - cell phone: 0.56
2026-02-20 19:56:23,142 - __main__ - INFO - Frame 258: 1 objects detected
2026-02-20 19:56:23,144 - __main__ - INFO -   - cell phone: 0.61
2026-02-20 19:56:23,281 - __main__ - INFO - Frame 259: 1 objects detected
2026-02-20 19:56:23,282 - __main__ - INFO -   - cell phone: 0.54
2026-02-20 19:56:23,411 - __main__ - INFO - Frame 260: 1 objects detected
2026-02-20 19:56:23,412 - __main__ - INFO -   - cell phone: 0.63
2026-02-20 19:56:23,982 - __main__ - INFO - Frame 264: 1 objects detected
2026-02-20 19:56:23,982 - __main__ - INFO -   - traffic light: 0.58
2026-02-20 19:56:24,668 - __main__ - INFO - Frame 269: 1 objects detected
2026-02-20 19:56:24,669 - __main__ - INFO -   - cell phone: 0.59
2026-02-20 19:56:24,812 - __main__ - INFO - Frame 270: 1 objects detected
2026-02-20 19:56:24,813 - __main__ - INFO -   - cell phone: 0.56
2026-02-20 19:56:24,962 - __main__ - INFO - Frame 271: 1 objects detected
2026-02-20 19:56:24,962 - __main__ - INFO -   - cell phone: 0.71
2026-02-20 19:56:25,111 - __main__ - INFO - Frame 272: 1 objects detected
2026-02-20 19:56:25,112 - __main__ - INFO -   - cell phone: 0.65
2026-02-20 19:56:25,250 - __main__ - INFO - Frame 273: 1 objects detected
2026-02-20 19:56:25,250 - __main__ - INFO -   - cell phone: 0.60
2026-02-20 19:56:26,065 - __main__ - INFO - Frame 279: 1 objects detected
2026-02-20 19:56:26,066 - __main__ - INFO -   - cell phone: 0.55
2026-02-20 19:56:26,204 - __main__ - INFO - Frame 280: 1 objects detected
2026-02-20 19:56:26,204 - __main__ - INFO -   - cell phone: 0.55
2026-02-20 19:56:26,906 - __main__ - INFO - Frame 285: 1 objects detected
2026-02-20 19:56:26,906 - __main__ - INFO -   - cell phone: 0.51
2026-02-20 19:56:27,186 - __main__ - INFO - Frame 287: 1 objects detected
2026-02-20 19:56:27,187 - __main__ - INFO -   - cell phone: 0.72
2026-02-20 19:56:27,325 - __main__ - INFO - Frame 288: 1 objects detected
2026-02-20 19:56:27,326 - __main__ - INFO -   - cell phone: 0.65
2026-02-20 19:56:27,599 - __main__ - INFO - Frame 290: 1 objects detected
2026-02-20 19:56:27,600 - __main__ - INFO -   - cell phone: 0.70
2026-02-20 19:56:27,738 - __main__ - INFO - Frame 291: 1 objects detected
2026-02-20 19:56:27,739 - __main__ - INFO -   - cell phone: 0.59
2026-02-20 19:56:27,879 - __main__ - INFO - Frame 292: 1 objects detected
2026-02-20 19:56:27,880 - __main__ - INFO -   - cell phone: 0.55
2026-02-20 19:56:28,930 - __main__ - INFO - Live detection stopped by user
2026-02-20 20:02:22,122 - __main__ - INFO - Starting SmartSurveillance GUI...
2026-02-20 20:02:22,225 - gui_app - INFO - SmartSurveillance GUI started
2026-02-20 20:02:28,057 - gui_app - INFO - Starting detection from source: 0
2026-02-20 20:02:33,463 - src.object_detector - INFO - Loading YOLOv8 model: yolov8n.pt
2026-02-20 20:02:33,564 - src.object_detector - INFO - YOLOv8 model loaded successfully
2026-02-20 20:02:45,286 - gui_app - INFO - Detection stopped
2026-02-20 20:03:00,562 - gui_app - INFO - Starting detection from source: 0
